<?xml version="1.0" encoding="UTF-8"?>
<testng-results skipped="0" failed="0" total="2" passed="2">
  <reporter-output>
  </reporter-output>
  <suite name="Suite" duration-ms="10095" started-at="2017-01-01T12:04:27Z" finished-at="2017-01-01T12:04:37Z">
    <groups>
    </groups>
    <test name="Smoke Test" duration-ms="10095" started-at="2017-01-01T12:04:27Z" finished-at="2017-01-01T12:04:37Z">
      <class name="com.gk.selenium.tests.SignUpFormTest">
        <test-method status="PASS" signature="signUp()[pri:0, instance:com.gk.selenium.tests.SignUpFormTest@6108b2d7]" name="signUp" duration-ms="4368" started-at="2017-01-01T05:04:27Z" finished-at="2017-01-01T05:04:31Z">
          <reporter-output>
          </reporter-output>
        </test-method> <!-- signUp -->
        <test-method status="PASS" signature="signUp1()[pri:0, instance:com.gk.selenium.tests.SignUpFormTest@6108b2d7]" name="signUp1" duration-ms="3495" started-at="2017-01-01T05:04:33Z" finished-at="2017-01-01T05:04:36Z">
          <reporter-output>
          </reporter-output>
        </test-method> <!-- signUp1 -->
      </class> <!-- com.gk.selenium.tests.SignUpFormTest -->
    </test> <!-- Smoke Test -->
  </suite> <!-- Suite -->
</testng-results>
