<?xml version="1.0" encoding="UTF-8"?>
<!-- Generated by org.testng.reporters.JUnitXMLReporter -->
<testsuite hostname="kganesan" name="FireFoxBrowser" tests="1" failures="0" timestamp="31 Dec 2016 00:21:33 GMT" time="0.02" errors="0">
  <testcase name="@BeforeClass setUp" time="0.0" classname="com.gk.selenium.tests.SignUpFormTest">
    <failure type="java.lang.NullPointerException">
      <![CDATA[java.lang.NullPointerException
	at com.gk.selenium.base.TestBase.setUp(TestBase.java:26)
	at java.util.concurrent.FutureTask.run(FutureTask.java:266)
	at java.util.concurrent.ThreadPoolExecutor.runWorker(ThreadPoolExecutor.java:1142)
	at java.util.concurrent.ThreadPoolExecutor$Worker.run(ThreadPoolExecutor.java:617)
	at java.lang.Thread.run(Thread.java:745)
... Removed 16 stack frames]]>
    </failure>
  </testcase> <!-- @BeforeClass setUp -->
  <testcase name="@AfterClass tearDown" time="0.0" classname="com.gk.selenium.tests.SignUpFormTest">
    <skipped/>
  </testcase> <!-- @AfterClass tearDown -->
  <testcase name="signUp1" time="0.0" classname="com.gk.selenium.tests.SignUpFormTest">
    <skipped/>
  </testcase> <!-- signUp1 -->
</testsuite> <!-- FireFoxBrowser -->
