<?xml version="1.0" encoding="UTF-8"?>
<testng-results skipped="2" failed="0" total="2" passed="0">
  <reporter-output>
  </reporter-output>
  <suite name="regressiontest" duration-ms="40" started-at="2016-12-31T00:21:32Z" finished-at="2016-12-31T00:21:33Z">
    <groups>
    </groups>
    <test name="ChromeBrowser" duration-ms="40" started-at="2016-12-31T00:21:32Z" finished-at="2016-12-31T00:21:33Z">
      <class name="com.gk.selenium.tests.SignUpFormTest">
        <test-method status="FAIL" signature="setUp(java.lang.String)[pri:0, instance:com.gk.selenium.tests.SignUpFormTest@457e2f02]" name="setUp" is-config="true" duration-ms="0" started-at="2016-12-30T17:21:32Z" finished-at="2016-12-30T17:21:32Z">
          <params>
            <param index="0">
              <value>
                <![CDATA[chrome]]>
              </value>
            </param>
          </params>
          <exception class="java.lang.NullPointerException">
            <full-stacktrace>
              <![CDATA[java.lang.NullPointerException
	at com.gk.selenium.base.TestBase.setUp(TestBase.java:26)
	at sun.reflect.NativeMethodAccessorImpl.invoke0(Native Method)
	at sun.reflect.NativeMethodAccessorImpl.invoke(NativeMethodAccessorImpl.java:62)
	at sun.reflect.DelegatingMethodAccessorImpl.invoke(DelegatingMethodAccessorImpl.java:43)
	at java.lang.reflect.Method.invoke(Method.java:498)
	at org.testng.internal.MethodInvocationHelper.invokeMethod(MethodInvocationHelper.java:80)
	at org.testng.internal.Invoker.invokeConfigurationMethod(Invoker.java:564)
	at org.testng.internal.Invoker.invokeConfigurations(Invoker.java:213)
	at org.testng.internal.Invoker.invokeConfigurations(Invoker.java:138)
	at org.testng.internal.TestMethodWorker.invokeBeforeClassMethods(TestMethodWorker.java:175)
	at org.testng.internal.TestMethodWorker.run(TestMethodWorker.java:107)
	at org.testng.TestRunner.privateRun(TestRunner.java:767)
	at org.testng.TestRunner.run(TestRunner.java:617)
	at org.testng.SuiteRunner.runTest(SuiteRunner.java:334)
	at org.testng.SuiteRunner.access$000(SuiteRunner.java:37)
	at org.testng.SuiteRunner$SuiteWorker.run(SuiteRunner.java:368)
	at org.testng.internal.thread.ThreadUtil$2.call(ThreadUtil.java:64)
	at java.util.concurrent.FutureTask.run(FutureTask.java:266)
	at java.util.concurrent.ThreadPoolExecutor.runWorker(ThreadPoolExecutor.java:1142)
	at java.util.concurrent.ThreadPoolExecutor$Worker.run(ThreadPoolExecutor.java:617)
	at java.lang.Thread.run(Thread.java:745)
]]>
            </full-stacktrace>
          </exception> <!-- java.lang.NullPointerException -->
          <reporter-output>
          </reporter-output>
        </test-method> <!-- setUp -->
        <test-method status="SKIP" signature="signUp1()[pri:0, instance:com.gk.selenium.tests.SignUpFormTest@457e2f02]" name="signUp1" duration-ms="20" started-at="2016-12-30T17:21:33Z" finished-at="2016-12-30T17:21:33Z">
          <reporter-output>
          </reporter-output>
        </test-method> <!-- signUp1 -->
        <test-method status="SKIP" signature="tearDown()[pri:0, instance:com.gk.selenium.tests.SignUpFormTest@457e2f02]" name="tearDown" is-config="true" duration-ms="0" started-at="2016-12-30T17:21:33Z" finished-at="2016-12-30T17:21:33Z">
          <reporter-output>
          </reporter-output>
        </test-method> <!-- tearDown -->
      </class> <!-- com.gk.selenium.tests.SignUpFormTest -->
    </test> <!-- ChromeBrowser -->
    <test name="FireFoxBrowser" duration-ms="20" started-at="2016-12-31T00:21:32Z" finished-at="2016-12-31T00:21:33Z">
      <class name="com.gk.selenium.tests.SignUpFormTest">
        <test-method status="FAIL" signature="setUp(java.lang.String)[pri:0, instance:com.gk.selenium.tests.SignUpFormTest@1e88b3c]" name="setUp" is-config="true" duration-ms="0" started-at="2016-12-30T17:21:32Z" finished-at="2016-12-30T17:21:32Z">
          <params>
            <param index="0">
              <value>
                <![CDATA[firefox]]>
              </value>
            </param>
          </params>
          <exception class="java.lang.NullPointerException">
            <full-stacktrace>
              <![CDATA[java.lang.NullPointerException
	at com.gk.selenium.base.TestBase.setUp(TestBase.java:26)
	at sun.reflect.NativeMethodAccessorImpl.invoke0(Native Method)
	at sun.reflect.NativeMethodAccessorImpl.invoke(NativeMethodAccessorImpl.java:62)
	at sun.reflect.DelegatingMethodAccessorImpl.invoke(DelegatingMethodAccessorImpl.java:43)
	at java.lang.reflect.Method.invoke(Method.java:498)
	at org.testng.internal.MethodInvocationHelper.invokeMethod(MethodInvocationHelper.java:80)
	at org.testng.internal.Invoker.invokeConfigurationMethod(Invoker.java:564)
	at org.testng.internal.Invoker.invokeConfigurations(Invoker.java:213)
	at org.testng.internal.Invoker.invokeConfigurations(Invoker.java:138)
	at org.testng.internal.TestMethodWorker.invokeBeforeClassMethods(TestMethodWorker.java:175)
	at org.testng.internal.TestMethodWorker.run(TestMethodWorker.java:107)
	at org.testng.TestRunner.privateRun(TestRunner.java:767)
	at org.testng.TestRunner.run(TestRunner.java:617)
	at org.testng.SuiteRunner.runTest(SuiteRunner.java:334)
	at org.testng.SuiteRunner.access$000(SuiteRunner.java:37)
	at org.testng.SuiteRunner$SuiteWorker.run(SuiteRunner.java:368)
	at org.testng.internal.thread.ThreadUtil$2.call(ThreadUtil.java:64)
	at java.util.concurrent.FutureTask.run(FutureTask.java:266)
	at java.util.concurrent.ThreadPoolExecutor.runWorker(ThreadPoolExecutor.java:1142)
	at java.util.concurrent.ThreadPoolExecutor$Worker.run(ThreadPoolExecutor.java:617)
	at java.lang.Thread.run(Thread.java:745)
]]>
            </full-stacktrace>
          </exception> <!-- java.lang.NullPointerException -->
          <reporter-output>
          </reporter-output>
        </test-method> <!-- setUp -->
        <test-method status="SKIP" signature="tearDown()[pri:0, instance:com.gk.selenium.tests.SignUpFormTest@1e88b3c]" name="tearDown" is-config="true" duration-ms="0" started-at="2016-12-30T17:21:33Z" finished-at="2016-12-30T17:21:33Z">
          <reporter-output>
          </reporter-output>
        </test-method> <!-- tearDown -->
        <test-method status="SKIP" signature="signUp1()[pri:0, instance:com.gk.selenium.tests.SignUpFormTest@1e88b3c]" name="signUp1" duration-ms="0" started-at="2016-12-30T17:21:33Z" finished-at="2016-12-30T17:21:33Z">
          <reporter-output>
          </reporter-output>
        </test-method> <!-- signUp1 -->
      </class> <!-- com.gk.selenium.tests.SignUpFormTest -->
    </test> <!-- FireFoxBrowser -->
  </suite> <!-- regressiontest -->
</testng-results>
